<?xml version="1.0" encoding="UTF-8"?>
<!-- Generated by org.testng.reporters.JUnitXMLReporter -->
<testsuite hostname="master" ignored="0" name="UI validation" tests="4" failures="0" timestamp="04 May 2019 04:17:24 GMT" time="115.579" errors="0">
  <testcase name="check_URL" time="0.042" classname="demotest._4TestWithBeforeMethod"/>
  <testcase name="check_title" time="0.038" classname="demotest._4TestWithBeforeMethod"/>
  <testcase name="check_URL" time="0.059" classname="demotest._5TestWithBeforeClass"/>
  <testcase name="check_title" time="1.045" classname="demotest._5TestWithBeforeClass"/>
</testsuite> <!-- UI validation -->
